Sep 29, 2020 2:01:05 PM net.sourceforge.tessboxeditor.TessTrainer makeBox
INFO: Make LSTM Box File
Sep 29, 2020 2:01:05 PM net.sourceforge.tessboxeditor.TessTrainer runCommand
INFO: Command: [D:\datnt\SC-Smart-Container\Traing-model\jTessBoxEditor-2.3.1\jTessBoxEditor\tesseract-ocr/tesseract, vie.arial.exp0.tif, vie.arial.exp0, -l, eng, lstmbox]
Sep 29, 2020 2:01:11 PM net.sourceforge.tessboxeditor.TessTrainer runCommand
INFO: Exit value = 0
Sep 29, 2020 2:01:11 PM net.sourceforge.tessboxeditor.TessTrainer runCommand
INFO: Command: [D:\datnt\SC-Smart-Container\Traing-model\jTessBoxEditor-2.3.1\jTessBoxEditor\tesseract-ocr/tesseract, vie.times.exp0.tif, vie.times.exp0, -l, eng, lstmbox]
Sep 29, 2020 2:01:16 PM net.sourceforge.tessboxeditor.TessTrainer runCommand
INFO: Exit value = 0
Sep 29, 2020 2:21:26 PM net.sourceforge.tessboxeditor.TessTrainer makeBox
INFO: Make LSTM Box File
Sep 29, 2020 2:21:26 PM net.sourceforge.tessboxeditor.TessTrainer runCommand
INFO: Command: [D:\datnt\SC-Smart-Container\Traing-model\jTessBoxEditor-2.3.1\jTessBoxEditor\tesseract-ocr/tesseract, vie.arial.exp0.tif, vie.arial.exp0, -l, eng, lstmbox]
Sep 29, 2020 2:21:32 PM net.sourceforge.tessboxeditor.TessTrainer runCommand
INFO: Exit value = 0
Sep 29, 2020 2:21:32 PM net.sourceforge.tessboxeditor.TessTrainer runCommand
INFO: Command: [D:\datnt\SC-Smart-Container\Traing-model\jTessBoxEditor-2.3.1\jTessBoxEditor\tesseract-ocr/tesseract, vie.times.exp0.tif, vie.times.exp0, -l, eng, lstmbox]
Sep 29, 2020 2:21:38 PM net.sourceforge.tessboxeditor.TessTrainer runCommand
INFO: Exit value = 0
